<?xml version="1.0" encoding="UTF-8"?>
<!-- Generated by org.testng.reporters.JUnitReportReporter -->
<testsuite hostname="Jack" failures="0" tests="1" name="tests.Jsplaceholder" time="10.622" errors="0" timestamp="2022-06-30T11:39:48 CEST" skipped="0">
  <testcase classname="tests.Jsplaceholder" name="validateMyPersonalInformation" time="10.622"/>
  <system-out/>
</testsuite> <!-- tests.Jsplaceholder -->
